<?xml version="1.0" encoding="UTF-8"?>
<!-- Generated by org.testng.reporters.JUnitReportReporter -->
<testsuite skipped="0" hostname="MIS" name="Extent.Reports.App" tests="2" failures="0" timestamp="04 May 2017 14:25:52 GMT" time="21.247" errors="0">
  <testcase name="verifyHomePageTitle" time="20.279" classname="Extent.Reports.App"/>
  <testcase name="verifyLogo" time="0.968" classname="Extent.Reports.App"/>
</testsuite> <!-- Extent.Reports.App -->
